# JRE version: Java(TM) SE Runtime Environment (8.0_111-b14) (build 1.8.0_111-b14)
# Java VM: Java HotSpot(TM) 64-Bit Server VM (25.111-b14 mixed mode windows-amd64 compressed oops)
Heap:
 PSYoungGen      total 52736K, used 36324K [0x0000000785c00000, 0x0000000789680000, 0x00000007c0000000)
  eden space 45568K, 74% used [0x0000000785c00000,0x0000000787d08d50,0x0000000788880000)
  from space 7168K, 34% used [0x0000000788880000,0x0000000788af0350,0x0000000788f80000)
  to   space 7168K, 0% used [0x0000000788f80000,0x0000000788f80000,0x0000000789680000)
 ParOldGen       total 120320K, used 32K [0x0000000711400000, 0x0000000718980000, 0x0000000785c00000)
  object space 120320K, 0% used [0x0000000711400000,0x0000000711408000,0x0000000718980000)
 Metaspace       used 11488K, capacity 11692K, committed 12032K, reserved 1060864K
  class space    used 1350K, capacity 1421K, committed 1536K, reserved 1048576K
GC Heap History (6 events):
Event: 2.656 GC heap before
{Heap before GC invocations=1 (full 0):
 PSYoungGen      total 52736K, used 45568K [0x0000000785c00000, 0x0000000789680000, 0x00000007c0000000)
  eden space 45568K, 100% used [0x0000000785c00000,0x0000000788880000,0x0000000788880000)
  from space 7168K, 0% used [0x0000000788f80000,0x0000000788f80000,0x0000000789680000)
  to   space 7168K, 0% used [0x0000000788880000,0x0000000788880000,0x0000000788f80000)
 ParOldGen       total 120320K, used 0K [0x0000000711400000, 0x0000000718980000, 0x0000000785c00000)
  object space 120320K, 0% used [0x0000000711400000,0x0000000711400000,0x0000000718980000)
 Metaspace       used 10946K, capacity 11134K, committed 11392K, reserved 1058816K
  class space    used 1286K, capacity 1386K, committed 1408K, reserved 1048576K
Event: 2.660 GC heap after
Heap after GC invocations=1 (full 0):
 PSYoungGen      total 52736K, used 2496K [0x0000000785c00000, 0x0000000789680000, 0x00000007c0000000)
  eden space 45568K, 0% used [0x0000000785c00000,0x0000000785c00000,0x0000000788880000)
  from space 7168K, 34% used [0x0000000788880000,0x0000000788af0370,0x0000000788f80000)
  to   space 7168K, 0% used [0x0000000788f80000,0x0000000788f80000,0x0000000789680000)
 ParOldGen       total 120320K, used 16K [0x0000000711400000, 0x0000000718980000, 0x0000000785c00000)
  object space 120320K, 0% used [0x0000000711400000,0x0000000711404000,0x0000000718980000)
 Metaspace       used 10946K, capacity 11134K, committed 11392K, reserved 1058816K
  class space    used 1286K, capacity 1386K, committed 1408K, reserved 1048576K
}
Event: 9.414 GC heap before
{Heap before GC invocations=2 (full 0):
 PSYoungGen      total 52736K, used 48064K [0x0000000785c00000, 0x0000000789680000, 0x00000007c0000000)
  eden space 45568K, 100% used [0x0000000785c00000,0x0000000788880000,0x0000000788880000)
  from space 7168K, 34% used [0x0000000788880000,0x0000000788af0370,0x0000000788f80000)
  to   space 7168K, 0% used [0x0000000788f80000,0x0000000788f80000,0x0000000789680000)
 ParOldGen       total 120320K, used 16K [0x0000000711400000, 0x0000000718980000, 0x0000000785c00000)
  object space 120320K, 0% used [0x0000000711400000,0x0000000711404000,0x0000000718980000)
 Metaspace       used 11392K, capacity 11556K, committed 11776K, reserved 1058816K
  class space    used 1338K, capacity 1421K, committed 1536K, reserved 1048576K
Event: 9.418 GC heap after
Heap after GC invocations=2 (full 0):
 PSYoungGen      total 52736K, used 2676K [0x0000000785c00000, 0x0000000789680000, 0x00000007c0000000)
  eden space 45568K, 0% used [0x0000000785c00000,0x0000000785c00000,0x0000000788880000)
  from space 7168K, 37% used [0x0000000788f80000,0x000000078921d290,0x0000000789680000)
  to   space 7168K, 0% used [0x0000000788880000,0x0000000788880000,0x0000000788f80000)
 ParOldGen       total 120320K, used 24K [0x0000000711400000, 0x0000000718980000, 0x0000000785c00000)
  object space 120320K, 0% used [0x0000000711400000,0x0000000711406000,0x0000000718980000)
 Metaspace       used 11392K, capacity 11556K, committed 11776K, reserved 1058816K
  class space    used 1338K, capacity 1421K, committed 1536K, reserved 1048576K
}
Event: 9.689 GC heap before
{Heap before GC invocations=3 (full 0):
 PSYoungGen      total 52736K, used 48244K [0x0000000785c00000, 0x0000000789680000, 0x00000007c0000000)
  eden space 45568K, 100% used [0x0000000785c00000,0x0000000788880000,0x0000000788880000)
  from space 7168K, 37% used [0x0000000788f80000,0x000000078921d290,0x0000000789680000)
  to   space 7168K, 0% used [0x0000000788880000,0x0000000788880000,0x0000000788f80000)
 ParOldGen       total 120320K, used 24K [0x0000000711400000, 0x0000000718980000, 0x0000000785c00000)
  object space 120320K, 0% used [0x0000000711400000,0x0000000711406000,0x0000000718980000)
 Metaspace       used 11392K, capacity 11556K, committed 11776K, reserved 1058816K
  class space    used 1338K, capacity 1421K, committed 1536K, reserved 1048576K
Event: 9.693 GC heap after
Heap after GC invocations=3 (full 0):
 PSYoungGen      total 52736K, used 2496K [0x0000000785c00000, 0x0000000789680000, 0x00000007c0000000)
  eden space 45568K, 0% used [0x0000000785c00000,0x0000000785c00000,0x0000000788880000)
  from space 7168K, 34% used [0x0000000788880000,0x0000000788af0350,0x0000000788f80000)
  to   space 7168K, 0% used [0x0000000788f80000,0x0000000788f80000,0x0000000789680000)
 ParOldGen       total 120320K, used 32K [0x0000000711400000, 0x0000000718980000, 0x0000000785c00000)
  object space 120320K, 0% used [0x0000000711400000,0x0000000711408000,0x0000000718980000)
 Metaspace       used 11392K, capacity 11556K, committed 11776K, reserved 1058816K
  class space    used 1338K, capacity 1421K, committed 1536K, reserved 1048576K
}

